2025-04-15 18:28:55.476408 - Received SBGOLOB.CBT509.FILE1059 from FILE1059.XMI 
2025-04-15 18:28:55.478194 - Found $$$#DATE.txt (text/plain) in SBGOLOB.CBT509.FILE1059, moved to PDS/$$$#DATE
2025-04-15 18:28:55.478511 - Found #INDEX.txt (text/plain) in SBGOLOB.CBT509.FILE1059, moved to PDS/#INDEX
2025-04-15 18:28:55.478563 - Found @FIL1059.txt (text/plain) in SBGOLOB.CBT509.FILE1059, moved to PDS/@FIL1059
2025-04-15 18:28:55.478721 - Found @OVRVIEW.txt (text/plain) in SBGOLOB.CBT509.FILE1059, moved to PDS/@OVRVIEW
2025-04-15 18:28:55.479090 - Found ADDROOT.rexx (text/plain) in SBGOLOB.CBT509.FILE1059, moved to PDS/ADDROOT
2025-04-15 18:28:55.479671 - Found BRTHDAYS.rexx (text/plain) in SBGOLOB.CBT509.FILE1059, moved to PDS/BRTHDAYS
2025-04-15 18:28:55.479973 - Found DFLTTLIB.rexx (text/plain) in SBGOLOB.CBT509.FILE1059, moved to PDS/DFLTTLIB
2025-04-15 18:28:55.480832 - Found FAMTREE.rexx (text/plain) in SBGOLOB.CBT509.FILE1059, moved to PDS/FAMTREE
2025-04-15 18:28:55.481354 - Found FCCMDUPD.rexx (text/plain) in SBGOLOB.CBT509.FILE1059, moved to PDS/FCCMDUPD
2025-04-15 18:28:55.481889 - Found FLTTBL.rexx (text/plain) in SBGOLOB.CBT509.FILE1059, moved to PDS/FLTTBL
2025-04-15 18:28:55.482456 - Found FTIMPORT.rexx (text/plain) in SBGOLOB.CBT509.FILE1059, moved to PDS/FTIMPORT
2025-04-15 18:28:55.482620 - Found GENFT.rexx (text/plain) in SBGOLOB.CBT509.FILE1059, moved to PDS/GENFT
2025-04-15 18:28:55.482952 - Found HEADSUP.rexx (text/plain) in SBGOLOB.CBT509.FILE1059, moved to PDS/HEADSUP
2025-04-15 18:28:55.483253 - Found LA.rexx (text/plain) in SBGOLOB.CBT509.FILE1059, moved to PDS/LA
2025-04-15 18:28:55.483396 - Found ORDINAL.rexx (text/plain) in SBGOLOB.CBT509.FILE1059, moved to PDS/ORDINAL
2025-04-15 18:28:55.483710 - Found REORDER.rexx (text/plain) in SBGOLOB.CBT509.FILE1059, moved to PDS/REORDER
2025-04-15 18:28:55.484244 - Found RSTTBL.rexx (text/plain) in SBGOLOB.CBT509.FILE1059, moved to PDS/RSTTBL
2025-04-15 18:28:55.484403 - Found SHUFFLE.rexx (text/plain) in SBGOLOB.CBT509.FILE1059, moved to PDS/SHUFFLE
2025-04-15 18:28:55.484682 - Found STRSORT.rexx (text/plain) in SBGOLOB.CBT509.FILE1059, moved to PDS/STRSORT
2025-04-15 18:28:55.484977 - Found TBCOPY.rexx (text/plain) in SBGOLOB.CBT509.FILE1059, moved to PDS/TBCOPY
2025-04-15 18:28:55.485417 - Found TBLGEN.rexx (text/plain) in SBGOLOB.CBT509.FILE1059, moved to PDS/TBLGEN
2025-04-15 18:28:55.485918 - Found TBLMSTR.rexx (text/plain) in SBGOLOB.CBT509.FILE1059, moved to PDS/TBLMSTR
2025-04-15 18:28:55.486210 - Found TRAPOUT.rexx (text/plain) in SBGOLOB.CBT509.FILE1059, moved to PDS/TRAPOUT
